-------------------------------------------------------------------------------
Test set: com.rainbird.test_runner.Test_Runner
-------------------------------------------------------------------------------
Tests run: 1, Failures: 0, Errors: 1, Skipped: 0, Time elapsed: 12.65 s <<< FAILURE! -- in com.rainbird.test_runner.Test_Runner
Registration.User access page and start to register an account -- Time elapsed: 3.699 s <<< ERROR!
com.microsoft.playwright.impl.TargetClosedError: 
Error {
  message='Target page, context or browser has been closed
  name='TargetClosedError
  stack='TargetClosedError:Target page, context or browser has been closed
Error
    at captureRawStack (C:\Users\hi\AppData\Local\Temp\playwright-java-11100563983435537482\package\lib\utils\isomorphic\stackTrace.js:36:17)
    at LongStandingScope._race (C:\Users\hi\AppData\Local\Temp\playwright-java-11100563983435537482\package\lib\utils\isomorphic\manualPromise.js:89:52)
    at LongStandingScope.race (C:\Users\hi\AppData\Local\Temp\playwright-java-11100563983435537482\package\lib\utils\isomorphic\manualPromise.js:82:17)
    at C:\Users\hi\AppData\Local\Temp\playwright-java-11100563983435537482\package\lib\utils\isomorphic\manualPromise.js:79:43
    at Array.map (<anonymous>)
    at LongStandingScope.raceMultiple (C:\Users\hi\AppData\Local\Temp\playwright-java-11100563983435537482\package\lib\utils\isomorphic\manualPromise.js:79:32)
    at Frame.retryWithProgressAndTimeouts (C:\Users\hi\AppData\Local\Temp\playwright-java-11100563983435537482\package\lib\server\frames.js:931:40)
    at async C:\Users\hi\AppData\Local\Temp\playwright-java-11100563983435537482\package\lib\server\frames.js:1023:29
    at async ProgressController.run (C:\Users\hi\AppData\Local\Temp\playwright-java-11100563983435537482\package\lib\server\progress.js:79:22)
    at async FrameDispatcher.click (C:\Users\hi\AppData\Local\Temp\playwright-java-11100563983435537482\package\lib\server\dispatchers\frameDispatcher.js:157:12)
    at async LongStandingScope._race (C:\Users\hi\AppData\Local\Temp\playwright-java-11100563983435537482\package\lib\utils\isomorphic\manualPromise.js:94:14)
    at async FrameDispatcher._handleCommand (C:\Users\hi\AppData\Local\Temp\playwright-java-11100563983435537482\package\lib\server\dispatchers\dispatcher.js:98:14)
    at async DispatcherConnection.dispatch (C:\Users\hi\AppData\Local\Temp\playwright-java-11100563983435537482\package\lib\server\dispatchers\dispatcher.js:366:22)
}
Call log:
-   - waiting for locator("//a[text()='Create Account']")

	at com.microsoft.playwright.impl.WaitableResult.get(WaitableResult.java:54)
	at com.microsoft.playwright.impl.ChannelOwner.runUntil(ChannelOwner.java:132)
	at com.microsoft.playwright.impl.Connection.sendMessage(Connection.java:130)
	at com.microsoft.playwright.impl.ChannelOwner.sendMessage(ChannelOwner.java:118)
	at com.microsoft.playwright.impl.FrameImpl.clickImpl(FrameImpl.java:252)
	at com.microsoft.playwright.impl.FrameImpl.lambda$click$8(FrameImpl.java:243)
	at com.microsoft.playwright.impl.LoggingSupport.lambda$withLogging$0(LoggingSupport.java:36)
	at com.microsoft.playwright.impl.LoggingSupport.withLogging(LoggingSupport.java:47)
	at com.microsoft.playwright.impl.ChannelOwner.withLogging(ChannelOwner.java:97)
	at com.microsoft.playwright.impl.LoggingSupport.withLogging(LoggingSupport.java:35)
	at com.microsoft.playwright.impl.FrameImpl.click(FrameImpl.java:243)
	at com.microsoft.playwright.impl.LocatorImpl.click(LocatorImpl.java:174)
	at com.microsoft.playwright.Locator.click(Locator.java:2508)
	at com.rainbird.utils.Actions.Click(Actions.java:9)
	at com.rainbird.step_definitions.Step_definition.user_click_create_an_account(Step_definition.java:22)
	at ✽.User click Create an account(file:///C:/Users/hi/Desktop/EERP_Internal_Auto_testing/com.rainbird/src/test/resources/Feature/Register.feature:4)
Caused by: com.microsoft.playwright.impl.TargetClosedError: Error {
  message='Target page, context or browser has been closed
  name='TargetClosedError
  stack='TargetClosedError:Target page, context or browser has been closed
Error
    at captureRawStack (C:\Users\hi\AppData\Local\Temp\playwright-java-11100563983435537482\package\lib\utils\isomorphic\stackTrace.js:36:17)
    at LongStandingScope._race (C:\Users\hi\AppData\Local\Temp\playwright-java-11100563983435537482\package\lib\utils\isomorphic\manualPromise.js:89:52)
    at LongStandingScope.race (C:\Users\hi\AppData\Local\Temp\playwright-java-11100563983435537482\package\lib\utils\isomorphic\manualPromise.js:82:17)
    at C:\Users\hi\AppData\Local\Temp\playwright-java-11100563983435537482\package\lib\utils\isomorphic\manualPromise.js:79:43
    at Array.map (<anonymous>)
    at LongStandingScope.raceMultiple (C:\Users\hi\AppData\Local\Temp\playwright-java-11100563983435537482\package\lib\utils\isomorphic\manualPromise.js:79:32)
    at Frame.retryWithProgressAndTimeouts (C:\Users\hi\AppData\Local\Temp\playwright-java-11100563983435537482\package\lib\server\frames.js:931:40)
    at async C:\Users\hi\AppData\Local\Temp\playwright-java-11100563983435537482\package\lib\server\frames.js:1023:29
    at async ProgressController.run (C:\Users\hi\AppData\Local\Temp\playwright-java-11100563983435537482\package\lib\server\progress.js:79:22)
    at async FrameDispatcher.click (C:\Users\hi\AppData\Local\Temp\playwright-java-11100563983435537482\package\lib\server\dispatchers\frameDispatcher.js:157:12)
    at async LongStandingScope._race (C:\Users\hi\AppData\Local\Temp\playwright-java-11100563983435537482\package\lib\utils\isomorphic\manualPromise.js:94:14)
    at async FrameDispatcher._handleCommand (C:\Users\hi\AppData\Local\Temp\playwright-java-11100563983435537482\package\lib\server\dispatchers\dispatcher.js:98:14)
    at async DispatcherConnection.dispatch (C:\Users\hi\AppData\Local\Temp\playwright-java-11100563983435537482\package\lib\server\dispatchers\dispatcher.js:366:22)
}
Call log:
-   - waiting for locator("//a[text()='Create Account']")

	at com.microsoft.playwright.impl.Connection.dispatch(Connection.java:256)
	at com.microsoft.playwright.impl.Connection.processOneMessage(Connection.java:211)
	at com.microsoft.playwright.impl.ChannelOwner.runUntil(ChannelOwner.java:130)
	... 14 more

