<?xml version="1.0" encoding="UTF-8"?>
<testsuite xmlns:xsi="http://www.w3.org/2001/XMLSchema-instance" xsi:noNamespaceSchemaLocation="https://maven.apache.org/surefire/maven-surefire-plugin/xsd/surefire-test-report-3.0.xsd" version="3.0" name="com.rainbird.test_runner.Test_Runner" time="93.933" tests="1" errors="0" skipped="0" failures="0">
  <properties>
[...]
</properties>
  <testcase name="User access page and start to register an account" classname="Registration" time="84.83">
    <system-out><![CDATA[Test begins

Scenario Outline: User access page and start to register an account                               &amp#27;[90m# src/test/resources/Feature/Register.feature:24&amp#27;[0m
  &amp#27;[32mGiven &amp#27;[0m&amp#27;[32mUser access to page&amp#27;[0m                                                                       &amp#27;[90m# com.rainbird.step_definitions.Step_definition.user_access_to_page()&amp#27;[0m
CREATE ACCOUNT link text is VISIBLE
CREATE ACCOUNT link text is CLICKABLE
  &amp#27;[32mWhen &amp#27;[0m&amp#27;[32mUser click CREATE ACCOUNT&amp#27;[0m                                                                  &amp#27;[90m# com.rainbird.step_definitions.Step_definition_register.user_click_create_an_account()&amp#27;[0m
User is NAVIGATED to Term of licence page
  &amp#27;[32mThen &amp#27;[0m&amp#27;[32mUser is navigated to Term of licence page&amp#27;[0m                                                  &amp#27;[90m# com.rainbird.step_definitions.Step_definition_register.user_is_navigated_to_term_of_licence_page()&amp#27;[0m
Checkbox is VISIBLE
Checkbox is CLICKABLE
Checkbox is CLICKED
ACCEPT button is CLICKABLE
  &amp#27;[32mWhen &amp#27;[0m&amp#27;[32mUser read and click consent checkbox&amp#27;[0m                                                       &amp#27;[90m# com.rainbird.step_definitions.Step_definition_register.user_read_and_click_consent_checkbox()&amp#27;[0m
User is NAVIGATED to Registration page
  &amp#27;[32mThen &amp#27;[0m&amp#27;[32mUser is navigated to Registration page&amp#27;[0m                                                     &amp#27;[90m# com.rainbird.step_definitions.Step_definition_register.user_is_navigated_to_registration_page()&amp#27;[0m
SELECT COUNTRY label is VISIBLE
SELECT COUNTRY field is CLICKABLE
STATE label is VISIBLE
STATE field is DISABLED when United States is UNSELECTED
TIMEZONE label is VISIBLE
  &amp#27;[32mWhen &amp#27;[0m&amp#27;[32mUser fill out &amp#27;[0m&amp#27;[32m&amp#27;[1m"Vietnam"&amp#27;[0m&amp#27;[32m as Country and &amp#27;[0m&amp#27;[32m&amp#27;[1m"SE Asia Standard Time"&amp#27;[0m&amp#27;[32m as Timezone and &amp#27;[0m&amp#27;[32m&amp#27;[1m""&amp#27;[0m&amp#27;[32m as State&amp#27;[0m &amp#27;[90m# com.rainbird.step_definitions.Step_definition_register.user_fill_out_country_timezone_and_state(java.lang.String,java.lang.String,java.lang.String)&amp#27;[0m
[Account name: demotesting, Address: 123 ABC DEF]
  &amp#27;[32mAnd &amp#27;[0m&amp#27;[32mUser fill out &amp#27;[0m&amp#27;[32m&amp#27;[1m"demotesting"&amp#27;[0m&amp#27;[32m as Account Name and &amp#27;[0m&amp#27;[32m&amp#27;[1m"123 ABC DEF"&amp#27;[0m&amp#27;[32m as Address&amp#27;[0m                    &amp#27;[90m# com.rainbird.step_definitions.Step_definition_register.user_fill_out_account_name_and_address(java.lang.String,java.lang.String)&amp#27;[0m
[Account name: demotesting, Address: 123 ABC DEF, City: ghi]
  &amp#27;[32mAnd &amp#27;[0m&amp#27;[32mUser fill out &amp#27;[0m&amp#27;[32m&amp#27;[1m"ghi"&amp#27;[0m&amp#27;[32m as City and &amp#27;[0m&amp#27;[32m&amp#27;[1m"55000"&amp#27;[0m&amp#27;[32m as Postal Code&amp#27;[0m                                      &amp#27;[90m# com.rainbird.step_definitions.Step_definition_register.user_fill_out_city_and_postal_code(java.lang.String,java.lang.String)&amp#27;[0m
[Account name: demotesting, Address: 123 ABC DEF, City: ghi, Contact name: demotesting user, Phone number: 0123456789]
  &amp#27;[32mAnd &amp#27;[0m&amp#27;[32mUser fill out &amp#27;[0m&amp#27;[32m&amp#27;[1m"demotesting user"&amp#27;[0m&amp#27;[32m as Contact Name and &amp#27;[0m&amp#27;[32m&amp#27;[1m"0123456789"&amp#27;[0m&amp#27;[32m as Phone Number&amp#27;[0m           &amp#27;[90m# com.rainbird.step_definitions.Step_definition_register.user_fill_out_contact_name_and_phone_number(java.lang.String,java.lang.String)&amp#27;[0m
[Account name: demotesting, Address: 123 ABC DEF, City: ghi, Contact name: demotesting user, Phone number: 0123456789, Email: duczo181818@gmail.com, Confirm email: duczo181818@gmail.com]
  &amp#27;[32mAnd &amp#27;[0m&amp#27;[32mUser fill out &amp#27;[0m&amp#27;[32m&amp#27;[1m"duczo181818@gmail.com"&amp#27;[0m&amp#27;[32m as Email and &amp#27;[0m&amp#27;[32m&amp#27;[1m"duczo181818@gmail.com"&amp#27;[0m&amp#27;[32m as Confirm Email&amp#27;[0m &amp#27;[90m# com.rainbird.step_definitions.Step_definition_register.user_fill_out_email_and_confirm_email(java.lang.String,java.lang.String)&amp#27;[0m
[Account name: demotesting, Address: 123 ABC DEF, City: ghi, Contact name: demotesting user, Phone number: 0123456789, Email: duczo181818@gmail.com, Confirm email: duczo181818@gmail.com, Username: demotesting]
  &amp#27;[32mAnd &amp#27;[0m&amp#27;[32mUser fill out &amp#27;[0m&amp#27;[32m&amp#27;[1m"demotesting"&amp#27;[0m&amp#27;[32m as User Name&amp#27;[0m                                                    &amp#27;[90m# com.rainbird.step_definitions.Step_definition_register.user_fill_out_username(java.lang.String)&amp#27;[0m
  &amp#27;[32mAnd &amp#27;[0m&amp#27;[32mUser fill out &amp#27;[0m&amp#27;[32m&amp#27;[1m"123321123@Qq"&amp#27;[0m&amp#27;[32m as Password and &amp#27;[0m&amp#27;[32m&amp#27;[1m"123321123@Qq"&amp#27;[0m&amp#27;[32m as Confirm Password&amp#27;[0m             &amp#27;[90m# com.rainbird.step_definitions.Step_definition_register.user_fill_out_password_and_confirm_password(java.lang.String,java.lang.String)&amp#27;[0m
Required field checkbox is not CHECKED before CLICKED
Required field checkbox is CHECKED àter CLICKED
  &amp#27;[32mWhen &amp#27;[0m&amp#27;[32mUser click Required field checkbox&amp#27;[0m                                                         &amp#27;[90m# com.rainbird.step_definitions.Step_definition_register.user_click_required_field_checkbox()&amp#27;[0m
Register button is CLICKABLE
  &amp#27;[32mAnd &amp#27;[0m&amp#27;[32mUser click Register button&amp#27;[0m                                                                  &amp#27;[90m# com.rainbird.step_definitions.Step_definition_register.u_ser_click_register_button()&amp#27;[0m
User is NOT navigated to Email Verification page
Confirm with Email is INVISIBLE
Confirm Instruction is INVISIBLE
Resend Request is INVISIBLE
Resend button NOT FOUND
Resend button is CLICKABLE
  &amp#27;[32mThen &amp#27;[0m&amp#27;[32mUser should be navigated to Email Verification page&amp#27;[0m                                        &amp#27;[90m# com.rainbird.step_definitions.Step_definition_register.user_should_be_navigated_to_email_verification_page()&amp#27;[0m
Observing
  &amp#27;[32mGiven &amp#27;[0m&amp#27;[32mUser access to Email page&amp#27;[0m                                                                 &amp#27;[90m# com.rainbird.step_definitions.Step_definition_register.user_access_to_email_page()&amp#27;[0m
Observing
  &amp#27;[32mWhen &amp#27;[0m&amp#27;[32mUser follow steps and confirm Email address&amp#27;[0m                                                &amp#27;[90m# com.rainbird.step_definitions.Step_definition_register.user_follow_steps_and_confirm_email_address()&amp#27;[0m
Hello
  &amp#27;[32mThen &amp#27;[0m&amp#27;[32mUser is redirected to page&amp#27;[0m                                                                 &amp#27;[90m# com.rainbird.step_definitions.Step_definition_register.user_is_redirected_to_page()&amp#27;[0m
]]></system-out>
  </testcase>
</testsuite>