<?xml version="1.0" encoding="UTF-8"?>
<testsuite xmlns:xsi="http://www.w3.org/2001/XMLSchema-instance" xsi:noNamespaceSchemaLocation="https://maven.apache.org/surefire/maven-surefire-plugin/xsd/surefire-test-report-3.0.xsd" version="3.0" name="com.rainbird.test_runner.Test_Runner" time="63.59" tests="1" errors="0" skipped="0" failures="0">
  <properties>
[...]
</properties>
  <testcase name="User access page and start to register an account" classname="Registration #2" time="49.749">
    <system-out><![CDATA[Test begins

@random_data
Scenario: User access page and start to register an account &amp#27;[90m# src/test/resources/Features/register/Register_with_random_data.feature:3&amp#27;[0m
  &amp#27;[32mGiven &amp#27;[0m&amp#27;[32mUser access to page&amp#27;[0m                                 &amp#27;[90m# com.rainbird.step_definitions.global.Global.user_access_to_page()&amp#27;[0m
* Create Account link text: 
  - CREATE ACCOUNT link text is CLICKABLE
  &amp#27;[32mWhen &amp#27;[0m&amp#27;[32mUser click CREATE ACCOUNT&amp#27;[0m                            &amp#27;[90m# com.rainbird.step_definitions.register.before_and_after_populatin_data.Before_populating_data.user_click_create_an_account()&amp#27;[0m
* Term of licence content: 
  - User is NOT NAVIGATED to Term of licence page
  &amp#27;[32mThen &amp#27;[0m&amp#27;[32mUser is navigated to Term of licence page&amp#27;[0m            &amp#27;[90m# com.rainbird.step_definitions.register.before_and_after_populatin_data.Before_populating_data.user_is_navigated_to_term_of_licence_page()&amp#27;[0m
* Terms agreement checkbox: 
  - Checkbox is VISIBLE
  - Checkbox is CLICKABLE
  - Checkbox is CLICKED
* Accept button: 
  - ACCEPT button is CLICKABLE
  &amp#27;[32mWhen &amp#27;[0m&amp#27;[32mUser read and click consent checkbox&amp#27;[0m                 &amp#27;[90m# com.rainbird.step_definitions.register.before_and_after_populatin_data.Before_populating_data.user_read_and_click_consent_checkbox()&amp#27;[0m
* Registration title text:
  - User is NAVIGATED to Registration page
  &amp#27;[32mThen &amp#27;[0m&amp#27;[32mUser is navigated to Registration page&amp#27;[0m               &amp#27;[90m# com.rainbird.step_definitions.register.before_and_after_populatin_data.Before_populating_data.user_is_navigated_to_registration_page()&amp#27;[0m
* SELECT COUNTRY field:
  - SELECT COUNTRY label is VISIBLE
  - SELECT COUNTRY field is CLICKABLE
* SELECT STATE field:
  - STATE field is DISABLED when "United States" is UNSELECTED
  &amp#27;[32mWhen &amp#27;[0m&amp#27;[32mUser fill out Country&amp#27;[0m                                &amp#27;[90m# com.rainbird.step_definitions.register.register_with_random_data.Register_with_random_data.user_fill_out_country()&amp#27;[0m
  - TIMEZONE label is VISIBLE
  &amp#27;[32mAnd &amp#27;[0m&amp#27;[32mUser fill out Timezone&amp#27;[0m                                &amp#27;[90m# com.rainbird.step_definitions.register.register_with_random_data.Register_with_random_data.timezone()&amp#27;[0m
* SELECT STATE field:
  - STATE label is VISIBLE
  - STATE field should be DISABLED when SELECT COUNTRY is not "United States"
  &amp#27;[32mAnd &amp#27;[0m&amp#27;[32mUser fill out State&amp#27;[0m                                   &amp#27;[90m# com.rainbird.step_definitions.register.register_with_random_data.Register_with_random_data.state()&amp#27;[0m
  &amp#27;[32mAnd &amp#27;[0m&amp#27;[32mUser fill out Account Name&amp#27;[0m                            &amp#27;[90m# com.rainbird.step_definitions.register.register_with_random_data.Register_with_random_data.user_fill_out_account_name()&amp#27;[0m
  &amp#27;[32mAnd &amp#27;[0m&amp#27;[32mUser fill out Address&amp#27;[0m                                 &amp#27;[90m# com.rainbird.step_definitions.register.register_with_random_data.Register_with_random_data.user_fill_out_address()&amp#27;[0m
  &amp#27;[32mAnd &amp#27;[0m&amp#27;[32mUser fill out City&amp#27;[0m                                    &amp#27;[90m# com.rainbird.step_definitions.register.register_with_random_data.Register_with_random_data.user_fill_out_city()&amp#27;[0m
  &amp#27;[32mAnd &amp#27;[0m&amp#27;[32mUser fill out Postal Code&amp#27;[0m                             &amp#27;[90m# com.rainbird.step_definitions.register.register_with_random_data.Register_with_random_data.user_fill_out_postal_code()&amp#27;[0m
  &amp#27;[32mAnd &amp#27;[0m&amp#27;[32mUser fill out Contact Name&amp#27;[0m                            &amp#27;[90m# com.rainbird.step_definitions.register.register_with_random_data.Register_with_random_data.user_fill_out_contact_name()&amp#27;[0m
  &amp#27;[32mAnd &amp#27;[0m&amp#27;[32mUser fill out Phone Number&amp#27;[0m                            &amp#27;[90m# com.rainbird.step_definitions.register.register_with_random_data.Register_with_random_data.user_fill_out_phone_number()&amp#27;[0m
  &amp#27;[32mAnd &amp#27;[0m&amp#27;[32mUser fill out Email&amp#27;[0m                                   &amp#27;[90m# com.rainbird.step_definitions.register.register_with_random_data.Register_with_random_data.user_fill_out_email()&amp#27;[0m
  &amp#27;[32mAnd &amp#27;[0m&amp#27;[32mUser fill out Confirm Email&amp#27;[0m                           &amp#27;[90m# com.rainbird.step_definitions.register.register_with_random_data.Register_with_random_data.user_fill_out_confirm_email()&amp#27;[0m
  &amp#27;[32mAnd &amp#27;[0m&amp#27;[32mUser fill out User Name&amp#27;[0m                               &amp#27;[90m# com.rainbird.step_definitions.register.register_with_random_data.Register_with_random_data.user_fill_out_username()&amp#27;[0m
  &amp#27;[32mAnd &amp#27;[0m&amp#27;[32mUser fill out Password&amp#27;[0m                                &amp#27;[90m# com.rainbird.step_definitions.register.register_with_random_data.Register_with_random_data.user_fill_out_password()&amp#27;[0m
* User's account information:
 
[Account name: wyatt.hickle, Address: 508 Leuschke Pike, City: Port Rhettburgh, Postal code: 36892, Contact name: Derick Ritchie MD, Phone number: 32369643245623, Email: 123321123@gmail.com, Confirm email: 123321123@gmail.com, Username: yer.hermiston, Password: zF5"eoANLwZ9, Confirm password: zF5"eoANLwZ9]

[Account name: wyatt.hickle, Address: 508 Leuschke Pike, City: Port Rhettburgh, Postal code: 36892, Contact name: Derick Ritchie MD, Phone number: 32369643245623, Email: 123321123@gmail.com, Confirm email: 123321123@gmail.com, Username: yer.hermiston, Password: zF5"eoANLwZ9, Confirm password: zF5"eoANLwZ9]

[Account name: wyatt.hickle, Address: 508 Leuschke Pike, City: Port Rhettburgh, Postal code: 36892, Contact name: Derick Ritchie MD, Phone number: 32369643245623, Email: 123321123@gmail.com, Confirm email: 123321123@gmail.com, Username: yer.hermiston, Password: zF5"eoANLwZ9, Confirm password: zF5"eoANLwZ9]

[Account name: wyatt.hickle, Address: 508 Leuschke Pike, City: Port Rhettburgh, Postal code: 36892, Contact name: Derick Ritchie MD, Phone number: 32369643245623, Email: 123321123@gmail.com, Confirm email: 123321123@gmail.com, Username: yer.hermiston, Password: zF5"eoANLwZ9, Confirm password: zF5"eoANLwZ9]

[Account name: wyatt.hickle, Address: 508 Leuschke Pike, City: Port Rhettburgh, Postal code: 36892, Contact name: Derick Ritchie MD, Phone number: 32369643245623, Email: 123321123@gmail.com, Confirm email: 123321123@gmail.com, Username: yer.hermiston, Password: zF5"eoANLwZ9, Confirm password: zF5"eoANLwZ9]

[Account name: wyatt.hickle, Address: 508 Leuschke Pike, City: Port Rhettburgh, Postal code: 36892, Contact name: Derick Ritchie MD, Phone number: 32369643245623, Email: 123321123@gmail.com, Confirm email: 123321123@gmail.com, Username: yer.hermiston, Password: zF5"eoANLwZ9, Confirm password: zF5"eoANLwZ9]

[Account name: wyatt.hickle, Address: 508 Leuschke Pike, City: Port Rhettburgh, Postal code: 36892, Contact name: Derick Ritchie MD, Phone number: 32369643245623, Email: 123321123@gmail.com, Confirm email: 123321123@gmail.com, Username: yer.hermiston, Password: zF5"eoANLwZ9, Confirm password: zF5"eoANLwZ9]

[Account name: wyatt.hickle, Address: 508 Leuschke Pike, City: Port Rhettburgh, Postal code: 36892, Contact name: Derick Ritchie MD, Phone number: 32369643245623, Email: 123321123@gmail.com, Confirm email: 123321123@gmail.com, Username: yer.hermiston, Password: zF5"eoANLwZ9, Confirm password: zF5"eoANLwZ9]

[Account name: wyatt.hickle, Address: 508 Leuschke Pike, City: Port Rhettburgh, Postal code: 36892, Contact name: Derick Ritchie MD, Phone number: 32369643245623, Email: 123321123@gmail.com, Confirm email: 123321123@gmail.com, Username: yer.hermiston, Password: zF5"eoANLwZ9, Confirm password: zF5"eoANLwZ9]

[Account name: wyatt.hickle, Address: 508 Leuschke Pike, City: Port Rhettburgh, Postal code: 36892, Contact name: Derick Ritchie MD, Phone number: 32369643245623, Email: 123321123@gmail.com, Confirm email: 123321123@gmail.com, Username: yer.hermiston, Password: zF5"eoANLwZ9, Confirm password: zF5"eoANLwZ9]

[Account name: wyatt.hickle, Address: 508 Leuschke Pike, City: Port Rhettburgh, Postal code: 36892, Contact name: Derick Ritchie MD, Phone number: 32369643245623, Email: 123321123@gmail.com, Confirm email: 123321123@gmail.com, Username: yer.hermiston, Password: zF5"eoANLwZ9, Confirm password: zF5"eoANLwZ9]

  &amp#27;[32mAnd &amp#27;[0m&amp#27;[32mUser fill out Confirm Password&amp#27;[0m                        &amp#27;[90m# com.rainbird.step_definitions.register.register_with_random_data.Register_with_random_data.user_fill_out_confirm_password()&amp#27;[0m
* Required field checkbox:
  - Required field checkbox is not CHECKED before CLICKED
  - Required field checkbox is CHECKED after CLICKED
  &amp#27;[32mWhen &amp#27;[0m&amp#27;[32mUser click Required field checkbox&amp#27;[0m                   &amp#27;[90m# com.rainbird.step_definitions.register.before_and_after_populatin_data.After_populating_data.user_click_required_field_checkbox()&amp#27;[0m
* Register button:
  - Register button is CLICKABLE
  &amp#27;[32mAnd &amp#27;[0m&amp#27;[32mUser click Register button&amp#27;[0m                            &amp#27;[90m# com.rainbird.step_definitions.register.before_and_after_populatin_data.After_populating_data.u_ser_click_register_button()&amp#27;[0m
* Verification page title:
  - User is navigated to Email Verification page
* Confirm Email text:
  - Confirm with Email is VISIBLE
* Confirm Instruction text:
  - Confirm Instruction is VISIBLE
* Resend Request:
  - Resend Request is VISIBLE
* Resend button:
  - Resend button EXISTS
  - Resend button is CLICKABLE
- Email receiving verification: 
   to 123321123@gmail.com
		
  &amp#27;[32mThen &amp#27;[0m&amp#27;[32mUser should be navigated to Email Verification page&amp#27;[0m  &amp#27;[90m# com.rainbird.step_definitions.register.before_and_after_populatin_data.After_populating_data.user_should_be_navigated_to_email_verification_page()&amp#27;[0m
]]></system-out>
  </testcase>
</testsuite>